2021-03-07 02:34:01.908 - INFO - 5269 - azureml.automl.core.dataset_utilities._save_datasets_to_json:148 - JSON serialization of input of type <class 'NoneType'> is un-supported.
2021-03-07 02:34:01.916 - INFO - 5269 - azureml.automl.core.dataset_utilities._save_datasets_to_json:148 - JSON serialization of input of type <class 'NoneType'> is un-supported.
2021-03-07 02:34:01.918 - INFO - 5269 - azureml.train.automl._experiment_drivers.driver_utilities.validate_input:105 - Start data validation.
2021-03-07 02:34:01.957 - CRITICAL - 5269 - azureml.train.automl._experiment_drivers.driver_utilities.log_traceback:224 - Type: Unclassified
Class: ValueError
Message: experiment_id should not be None.
Traceback:
  File "driver_utilities.py", line 114, in validate_input
    validation_results = experiment_state.jasmine_client.post_validate_service(parent_run_dto)
  File "jasmine_client.py", line 60, in post_validate_service
    self._client.jasmine.validate_run_input, create_parent_run_dto)
  File "experiment_client.py", line 261, in _execute_with_experimentid_arguments
    raise ValueError("experiment_id should not be None.")

ExceptionTarget: Unspecified
2021-03-07 02:34:01.957 - WARNING - 5269 - azureml.train.automl._experiment_drivers.driver_utilities.validate_input:122 - Validation service meet exceptions, continue training now.
2021-03-07 03:15:50.694 - INFO - 5269 - azureml.automl.runtime.distributed.utilities.horovod_initialized:58 - Horovod not found in current environment. Distribution via Horovod will be disabled.
2021-03-07 03:15:53.901 - INFO - 5269 - azureml.automl.runtime.featurization.data_transformer.__init__:174 - Feature sweeping enabled: False
2021-03-07 03:15:53.902 - INFO - 5269 - azureml.automl.runtime.featurization.data_transformer.__init__:175 - Feature sweeping timeout: 86400
2021-03-07 03:16:21.617 - INFO - 5269 - azureml.automl.runtime.featurization.data_transformer._apply_transforms:491 - Starting to apply transforms. Total ram: 14683115520 bytes
2021-03-07 03:16:21.619 - INFO - 5269 - azureml.automl.runtime.featurization.data_transformer._apply_transforms:502 - Transform memory estimate: 0 bytes, Current available memory: 9620111360 bytes
2021-03-07 03:16:21.620 - INFO - 5269 - azureml.automl.runtime.featurization.data_transformer._apply_transforms:512 - SimpleImputer: Applying transform.
2021-03-07 03:16:21.631 - INFO - 5269 - azureml.automl.runtime.featurization.data_transformer._apply_transforms:526 - SimpleImputer: Finished applying transform. Shape (32950, 1)
2021-03-07 03:16:21.631 - INFO - 5269 - azureml.automl.runtime.featurization.data_transformer._apply_transforms:502 - Transform memory estimate: 0 bytes, Current available memory: 9617063936 bytes
2021-03-07 03:16:21.632 - INFO - 5269 - azureml.automl.runtime.featurization.data_transformer._apply_transforms:512 - SimpleImputer: Applying transform.
2021-03-07 03:16:21.635 - INFO - 5269 - azureml.automl.runtime.featurization.data_transformer._apply_transforms:526 - SimpleImputer: Finished applying transform. Shape (32950, 1)
2021-03-07 03:16:21.635 - INFO - 5269 - azureml.automl.runtime.featurization.data_transformer._apply_transforms:502 - Transform memory estimate: 0 bytes, Current available memory: 9616302080 bytes
2021-03-07 03:16:21.636 - INFO - 5269 - azureml.automl.runtime.featurization.data_transformer._apply_transforms:512 - SimpleImputer: Applying transform.
2021-03-07 03:16:21.638 - INFO - 5269 - azureml.automl.runtime.featurization.data_transformer._apply_transforms:526 - SimpleImputer: Finished applying transform. Shape (32950, 1)
2021-03-07 03:16:21.639 - INFO - 5269 - azureml.automl.runtime.featurization.data_transformer._apply_transforms:502 - Transform memory estimate: 0 bytes, Current available memory: 9614778368 bytes
2021-03-07 03:16:21.639 - INFO - 5269 - azureml.automl.runtime.featurization.data_transformer._apply_transforms:512 - SimpleImputer: Applying transform.
2021-03-07 03:16:21.642 - INFO - 5269 - azureml.automl.runtime.featurization.data_transformer._apply_transforms:526 - SimpleImputer: Finished applying transform. Shape (32950, 1)
2021-03-07 03:16:21.643 - INFO - 5269 - azureml.automl.runtime.featurization.data_transformer._apply_transforms:502 - Transform memory estimate: 0 bytes, Current available memory: 9613000704 bytes
2021-03-07 03:16:21.643 - INFO - 5269 - azureml.automl.runtime.featurization.data_transformer._apply_transforms:512 - SimpleImputer: Applying transform.
2021-03-07 03:16:21.646 - INFO - 5269 - azureml.automl.runtime.featurization.data_transformer._apply_transforms:526 - SimpleImputer: Finished applying transform. Shape (32950, 1)
2021-03-07 03:16:21.647 - INFO - 5269 - azureml.automl.runtime.featurization.data_transformer._apply_transforms:502 - Transform memory estimate: 0 bytes, Current available memory: 9611403264 bytes
2021-03-07 03:16:21.647 - INFO - 5269 - azureml.automl.runtime.featurization.data_transformer._apply_transforms:512 - SimpleImputer: Applying transform.
2021-03-07 03:16:21.650 - INFO - 5269 - azureml.automl.runtime.featurization.data_transformer._apply_transforms:526 - SimpleImputer: Finished applying transform. Shape (32950, 1)
2021-03-07 03:16:21.650 - INFO - 5269 - azureml.automl.runtime.featurization.data_transformer._apply_transforms:502 - Transform memory estimate: 0 bytes, Current available memory: 9609625600 bytes
2021-03-07 03:16:21.650 - INFO - 5269 - azureml.automl.runtime.featurization.data_transformer._apply_transforms:512 - SimpleImputer: Applying transform.
2021-03-07 03:16:21.653 - INFO - 5269 - azureml.automl.runtime.featurization.data_transformer._apply_transforms:526 - SimpleImputer: Finished applying transform. Shape (32950, 1)
2021-03-07 03:16:21.653 - INFO - 5269 - azureml.automl.runtime.featurization.data_transformer._apply_transforms:502 - Transform memory estimate: 0 bytes, Current available memory: 9607815168 bytes
2021-03-07 03:16:21.653 - INFO - 5269 - azureml.automl.runtime.featurization.data_transformer._apply_transforms:512 - StringCastTransformer,CountVectorizer: Applying transform.
2021-03-07 03:16:21.775 - INFO - 5269 - azureml.automl.runtime.featurization.data_transformer._apply_transforms:526 - StringCastTransformer,CountVectorizer: Finished applying transform. Shape (32950, 12)
2021-03-07 03:16:21.775 - INFO - 5269 - azureml.automl.runtime.featurization.data_transformer._apply_transforms:502 - Transform memory estimate: 0 bytes, Current available memory: 9579884544 bytes
2021-03-07 03:16:21.776 - INFO - 5269 - azureml.automl.runtime.featurization.data_transformer._apply_transforms:512 - StringCastTransformer,CountVectorizer: Applying transform.
2021-03-07 03:16:21.878 - INFO - 5269 - azureml.automl.runtime.featurization.data_transformer._apply_transforms:526 - StringCastTransformer,CountVectorizer: Finished applying transform. Shape (32950, 4)
2021-03-07 03:16:21.879 - INFO - 5269 - azureml.automl.runtime.featurization.data_transformer._apply_transforms:502 - Transform memory estimate: 0 bytes, Current available memory: 9579954176 bytes
2021-03-07 03:16:21.879 - INFO - 5269 - azureml.automl.runtime.featurization.data_transformer._apply_transforms:512 - StringCastTransformer,CountVectorizer: Applying transform.
2021-03-07 03:16:21.983 - INFO - 5269 - azureml.automl.runtime.featurization.data_transformer._apply_transforms:526 - StringCastTransformer,CountVectorizer: Finished applying transform. Shape (32950, 8)
2021-03-07 03:16:21.984 - INFO - 5269 - azureml.automl.runtime.featurization.data_transformer._apply_transforms:502 - Transform memory estimate: 0 bytes, Current available memory: 9697533952 bytes
2021-03-07 03:16:21.984 - INFO - 5269 - azureml.automl.runtime.featurization.data_transformer._apply_transforms:512 - StringCastTransformer,CountVectorizer: Applying transform.
2021-03-07 03:16:22.092 - INFO - 5269 - azureml.automl.runtime.featurization.data_transformer._apply_transforms:526 - StringCastTransformer,CountVectorizer: Finished applying transform. Shape (32950, 3)
2021-03-07 03:16:22.093 - INFO - 5269 - azureml.automl.runtime.featurization.data_transformer._apply_transforms:502 - Transform memory estimate: 0 bytes, Current available memory: 9689382912 bytes
2021-03-07 03:16:22.093 - INFO - 5269 - azureml.automl.runtime.featurization.data_transformer._apply_transforms:512 - StringCastTransformer,CountVectorizer: Applying transform.
2021-03-07 03:16:22.203 - INFO - 5269 - azureml.automl.runtime.featurization.data_transformer._apply_transforms:526 - StringCastTransformer,CountVectorizer: Finished applying transform. Shape (32950, 3)
2021-03-07 03:16:22.204 - INFO - 5269 - azureml.automl.runtime.featurization.data_transformer._apply_transforms:502 - Transform memory estimate: 0 bytes, Current available memory: 9687732224 bytes
2021-03-07 03:16:22.204 - INFO - 5269 - azureml.automl.runtime.featurization.data_transformer._apply_transforms:512 - StringCastTransformer,CountVectorizer: Applying transform.
2021-03-07 03:16:22.308 - INFO - 5269 - azureml.automl.runtime.featurization.data_transformer._apply_transforms:526 - StringCastTransformer,CountVectorizer: Finished applying transform. Shape (32950, 3)
2021-03-07 03:16:22.309 - INFO - 5269 - azureml.automl.runtime.featurization.data_transformer._apply_transforms:502 - Transform memory estimate: 0 bytes, Current available memory: 9686970368 bytes
2021-03-07 03:16:22.309 - INFO - 5269 - azureml.automl.runtime.featurization.data_transformer._apply_transforms:512 - CatImputer,StringCastTransformer,LabelEncoderTransformer: Applying transform.
2021-03-07 03:16:22.335 - INFO - 5269 - azureml.automl.runtime.featurization.data_transformer._apply_transforms:526 - CatImputer,StringCastTransformer,LabelEncoderTransformer: Finished applying transform. Shape (32950, 1)
2021-03-07 03:16:22.335 - INFO - 5269 - azureml.automl.runtime.featurization.data_transformer._apply_transforms:502 - Transform memory estimate: 0 bytes, Current available memory: 9685192704 bytes
2021-03-07 03:16:22.336 - INFO - 5269 - azureml.automl.runtime.featurization.data_transformer._apply_transforms:512 - StringCastTransformer,CountVectorizer: Applying transform.
2021-03-07 03:16:22.436 - INFO - 5269 - azureml.automl.runtime.featurization.data_transformer._apply_transforms:526 - StringCastTransformer,CountVectorizer: Finished applying transform. Shape (32950, 10)
2021-03-07 03:16:22.437 - INFO - 5269 - azureml.automl.runtime.featurization.data_transformer._apply_transforms:502 - Transform memory estimate: 0 bytes, Current available memory: 9676685312 bytes
2021-03-07 03:16:22.438 - INFO - 5269 - azureml.automl.runtime.featurization.data_transformer._apply_transforms:512 - StringCastTransformer,CountVectorizer: Applying transform.
2021-03-07 03:16:22.545 - INFO - 5269 - azureml.automl.runtime.featurization.data_transformer._apply_transforms:526 - StringCastTransformer,CountVectorizer: Finished applying transform. Shape (32950, 5)
2021-03-07 03:16:22.546 - INFO - 5269 - azureml.automl.runtime.featurization.data_transformer._apply_transforms:502 - Transform memory estimate: 0 bytes, Current available memory: 9670328320 bytes
2021-03-07 03:16:22.546 - INFO - 5269 - azureml.automl.runtime.featurization.data_transformer._apply_transforms:512 - StringCastTransformer,CountVectorizer: Applying transform.
2021-03-07 03:16:22.680 - INFO - 5269 - azureml.automl.runtime.featurization.data_transformer._apply_transforms:526 - StringCastTransformer,CountVectorizer: Finished applying transform. Shape (32950, 39)
2021-03-07 03:16:22.681 - INFO - 5269 - azureml.automl.runtime.featurization.data_transformer._apply_transforms:502 - Transform memory estimate: 0 bytes, Current available memory: 9668472832 bytes
2021-03-07 03:16:22.681 - INFO - 5269 - azureml.automl.runtime.featurization.data_transformer._apply_transforms:512 - StringCastTransformer,CountVectorizer: Applying transform.
2021-03-07 03:16:22.803 - INFO - 5269 - azureml.automl.runtime.featurization.data_transformer._apply_transforms:526 - StringCastTransformer,CountVectorizer: Finished applying transform. Shape (32950, 26)
2021-03-07 03:16:22.803 - INFO - 5269 - azureml.automl.runtime.featurization.data_transformer._apply_transforms:502 - Transform memory estimate: 0 bytes, Current available memory: 9667313664 bytes
2021-03-07 03:16:22.803 - INFO - 5269 - azureml.automl.runtime.featurization.data_transformer._apply_transforms:512 - StringCastTransformer,CountVectorizer: Applying transform.
2021-03-07 03:16:22.920 - INFO - 5269 - azureml.automl.runtime.featurization.data_transformer._apply_transforms:526 - StringCastTransformer,CountVectorizer: Finished applying transform. Shape (32950, 8)
2021-03-07 03:16:22.920 - INFO - 5269 - azureml.automl.runtime.featurization.data_transformer._apply_transforms:502 - Transform memory estimate: 0 bytes, Current available memory: 9688612864 bytes
2021-03-07 03:16:22.921 - INFO - 5269 - azureml.automl.runtime.featurization.data_transformer._apply_transforms:512 - StringCastTransformer,CountVectorizer: Applying transform.
2021-03-07 03:16:23.019 - INFO - 5269 - azureml.automl.runtime.featurization.data_transformer._apply_transforms:526 - StringCastTransformer,CountVectorizer: Finished applying transform. Shape (32950, 3)
2021-03-07 03:16:23.019 - INFO - 5269 - azureml.automl.runtime.featurization.data_transformer._apply_transforms:535 - Finished applying transforms
2021-03-07 03:16:23.020 - INFO - 5269 - azureml.automl.runtime.shared.memory_utilities._is_low_memory:208 - Total ram: 14683115520 bytes, Current Available memory: 9680470016 bytes. Low memory threshold: 0.5
